Using pre-set license

 COMMAND LINE ARGUMENTS:
/Applications/Unity/Unity.app/Contents/MacOS/Unity
-adb2
-batchMode
-noUpm
-name
AssetImportWorker0
-projectPath
/Users/rhonafilgueras/Documents/GameScripting/Group2UnityWorkTogetherPrjct/New Unity Project
-logFile
Logs/AssetImportWorker0.log
-srvPort
62157
Successfully changed project path to: /Users/rhonafilgueras/Documents/GameScripting/Group2UnityWorkTogetherPrjct/New Unity Project
/Users/rhonafilgueras/Documents/GameScripting/Group2UnityWorkTogetherPrjct/New Unity Project
Using Asset Import Pipeline V2.
Refreshing native plugins compatible for Editor in 23.27 ms, found 1 plugins.
Preloading 0 native plugins for Editor in 0.00 ms.
Initialize engine version: 2020.2.2f1 (068178b99f32)
[Subsystems] Discovering subsystems at path /Applications/Unity/Unity.app/Contents/Resources/UnitySubsystems
[Subsystems] Discovering subsystems at path /Users/rhonafilgueras/Documents/GameScripting/Group2UnityWorkTogetherPrjct/New Unity Project/Assets
GfxDevice: creating device client; threaded=0
2021-04-01 21:02:35.605 Unity[27440:9753400] (null) preferred device: Apple M1 (high power)
2021-04-01 21:02:35.605 Unity[27440:9753400] Metal devices available: 1
2021-04-01 21:02:35.605 Unity[27440:9753400] 0: Apple M1 (high power)
2021-04-01 21:02:35.605 Unity[27440:9753400] Using device Apple M1 (high power)
Initializing Metal device caps: Apple M1
Initialize mono
Mono path[0] = '/Applications/Unity/Unity.app/Contents/Managed'
Mono path[1] = '/Applications/Unity/Unity.app/Contents/MonoBleedingEdge/lib/mono/unityjit'
Mono config path = '/Applications/Unity/Unity.app/Contents/MonoBleedingEdge/etc'
Using monoOptions --debugger-agent=transport=dt_socket,embedding=1,server=y,suspend=n,address=127.0.0.1:56440
Begin MonoManager ReloadAssembly
Registering precompiled unity dll's ...
Register platform support module: /Applications/Unity/Unity.app/Contents/PlaybackEngines/MacStandaloneSupport/UnityEditor.OSXStandalone.Extensions.dll
Registered in 0.000827 seconds.
Native extension for OSXStandalone target not found
Refreshing native plugins compatible for Editor in 21.64 ms, found 1 plugins.
Preloading 0 native plugins for Editor in 0.00 ms.
Invoked RoslynAnalysisRunner static constructor.
RoslynAnalysisRunner will not be running.
RoslynAnalysisRunner has terminated.
Mono: successfully reloaded assembly
- Completed reload, in  2.095 seconds
Platform modules already initialized, skipping
Registering precompiled user dll's ...
Registered in 0.000571 seconds.
Begin MonoManager ReloadAssembly
Native extension for OSXStandalone target not found
Refreshing native plugins compatible for Editor in 0.19 ms, found 1 plugins.
Preloading 0 native plugins for Editor in 0.00 ms.
Invoked RoslynAnalysisRunner static constructor.
RoslynAnalysisRunner will not be running.
RoslynAnalysisRunner has terminated.
Mono: successfully reloaded assembly
- Completed reload, in  1.884 seconds
Platform modules already initialized, skipping
========================================================================
Worker process is ready to serve import requests
Launching external process: /Applications/Unity/Unity.app/Contents/Tools/UnityShaderCompiler
Launched and connected shader compiler UnityShaderCompiler after 0.03 seconds
Refreshing native plugins compatible for Editor in 0.19 ms, found 1 plugins.
Preloading 0 native plugins for Editor in 0.00 ms.
Unloading 1100 Unused Serialized files (Serialized files now loaded: 0)
System memory in use before: 107.4 MB.
System memory in use after: 107.4 MB.

Unloading 9 unused Assets to reduce memory usage. Loaded Objects now: 1542.
Total: 1.288042 ms (FindLiveObjects: 0.110709 ms CreateObjectMapping: 0.023458 ms MarkObjects: 1.088667 ms  DeleteObjects: 0.064209 ms)

========================================================================
Received Import Request.
  path: Assets/Scenes/SampleScene.unity
  artifactKey: Guid(9fc0d4010bbf28b4594072e72b8655ab) Importer(815301076,1909f56bfc062723c751e8b465ee728b)
Start importing Assets/Scenes/SampleScene.unity using Guid(9fc0d4010bbf28b4594072e72b8655ab) Importer(815301076,1909f56bfc062723c751e8b465ee728b)  -> (artifact id: 'f7ee35401c4abb52a5fadaa852ba717b') in 0.019405 seconds
  Import took 0.021440 seconds .

